# JRE version: Java(TM) SE Runtime Environment (8.0_251-b08) (build 1.8.0_251-b08)
# Java VM: Java HotSpot(TM) 64-Bit Server VM (25.251-b08 mixed mode windows-amd64 compressed oops)
Heap:
 PSYoungGen      total 179712K, used 106782K [0x000000076b580000, 0x0000000779d00000, 0x00000007c0000000)
  eden space 168448K, 63% used [0x000000076b580000,0x0000000771dc7a30,0x0000000775a00000)
  from space 11264K, 0% used [0x0000000776580000,0x0000000776580000,0x0000000777080000)
  to   space 11776K, 0% used [0x0000000775a00000,0x0000000775a00000,0x0000000776580000)
 ParOldGen       total 140800K, used 15625K [0x00000006c2000000, 0x00000006ca980000, 0x000000076b580000)
  object space 140800K, 11% used [0x00000006c2000000,0x00000006c2f42568,0x00000006ca980000)
 Metaspace       used 40481K, capacity 42698K, committed 42928K, reserved 1087488K
  class space    used 5409K, capacity 5798K, committed 5808K, reserved 1048576K
GC Heap History (10 events):
Event: 1.911 GC heap before
{Heap before GC invocations=4 (full 1):
 PSYoungGen      total 75776K, used 8308K [0x000000076b580000, 0x0000000774980000, 0x00000007c0000000)
  eden space 65024K, 0% used [0x000000076b580000,0x000000076b580000,0x000000076f500000)
  from space 10752K, 77% used [0x000000076f500000,0x000000076fd1d138,0x000000076ff80000)
  to   space 10752K, 0% used [0x0000000773f00000,0x0000000773f00000,0x0000000774980000)
 ParOldGen       total 173568K, used 40K [0x00000006c2000000, 0x00000006cc980000, 0x000000076b580000)
  object space 173568K, 0% used [0x00000006c2000000,0x00000006c200a000,0x00000006cc980000)
 Metaspace       used 20407K, capacity 21218K, committed 21296K, reserved 1067008K
  class space    used 2631K, capacity 2831K, committed 2864K, reserved 1048576K
Event: 1.933 GC heap after
Heap after GC invocations=4 (full 1):
 PSYoungGen      total 75776K, used 0K [0x000000076b580000, 0x0000000774980000, 0x00000007c0000000)
  eden space 65024K, 0% used [0x000000076b580000,0x000000076b580000,0x000000076f500000)
  from space 10752K, 0% used [0x000000076f500000,0x000000076f500000,0x000000076ff80000)
  to   space 10752K, 0% used [0x0000000773f00000,0x0000000773f00000,0x0000000774980000)
 ParOldGen       total 96768K, used 8092K [0x00000006c2000000, 0x00000006c7e80000, 0x000000076b580000)
  object space 96768K, 8% used [0x00000006c2000000,0x00000006c27e73e0,0x00000006c7e80000)
 Metaspace       used 20407K, capacity 21218K, committed 21296K, reserved 1067008K
  class space    used 2631K, capacity 2831K, committed 2864K, reserved 1048576K
}
Event: 2.389 GC heap before
{Heap before GC invocations=5 (full 1):
 PSYoungGen      total 75776K, used 65024K [0x000000076b580000, 0x0000000774980000, 0x00000007c0000000)
  eden space 65024K, 100% used [0x000000076b580000,0x000000076f500000,0x000000076f500000)
  from space 10752K, 0% used [0x000000076f500000,0x000000076f500000,0x000000076ff80000)
  to   space 10752K, 0% used [0x0000000773f00000,0x0000000773f00000,0x0000000774980000)
 ParOldGen       total 96768K, used 8092K [0x00000006c2000000, 0x00000006c7e80000, 0x000000076b580000)
  object space 96768K, 8% used [0x00000006c2000000,0x00000006c27e73e0,0x00000006c7e80000)
 Metaspace       used 24881K, capacity 26484K, committed 26800K, reserved 1073152K
  class space    used 3346K, capacity 3644K, committed 3760K, reserved 1048576K
Event: 2.394 GC heap after
Heap after GC invocations=5 (full 1):
 PSYoungGen      total 112128K, used 6833K [0x000000076b580000, 0x0000000774600000, 0x00000007c0000000)
  eden space 104960K, 0% used [0x000000076b580000,0x000000076b580000,0x0000000771c00000)
  from space 7168K, 95% used [0x0000000773f00000,0x00000007745ac518,0x0000000774600000)
  to   space 10752K, 0% used [0x0000000773100000,0x0000000773100000,0x0000000773b80000)
 ParOldGen       total 96768K, used 8100K [0x00000006c2000000, 0x00000006c7e80000, 0x000000076b580000)
  object space 96768K, 8% used [0x00000006c2000000,0x00000006c27e93e0,0x00000006c7e80000)
 Metaspace       used 24881K, capacity 26484K, committed 26800K, reserved 1073152K
  class space    used 3346K, capacity 3644K, committed 3760K, reserved 1048576K
}
Event: 2.958 GC heap before
{Heap before GC invocations=6 (full 1):
 PSYoungGen      total 112128K, used 111793K [0x000000076b580000, 0x0000000774600000, 0x00000007c0000000)
  eden space 104960K, 100% used [0x000000076b580000,0x0000000771c00000,0x0000000771c00000)
  from space 7168K, 95% used [0x0000000773f00000,0x00000007745ac518,0x0000000774600000)
  to   space 10752K, 0% used [0x0000000773100000,0x0000000773100000,0x0000000773b80000)
 ParOldGen       total 96768K, used 8100K [0x00000006c2000000, 0x00000006c7e80000, 0x000000076b580000)
  object space 96768K, 8% used [0x00000006c2000000,0x00000006c27e93e0,0x00000006c7e80000)
 Metaspace       used 31272K, capacity 33148K, committed 33456K, reserved 1079296K
  class space    used 4061K, capacity 4406K, committed 4528K, reserved 1048576K
Event: 2.969 GC heap after
Heap after GC invocations=6 (full 1):
 PSYoungGen      total 137216K, used 10467K [0x000000076b580000, 0x0000000777080000, 0x00000007c0000000)
  eden space 126464K, 0% used [0x000000076b580000,0x000000076b580000,0x0000000773100000)
  from space 10752K, 97% used [0x0000000773100000,0x0000000773b38f68,0x0000000773b80000)
  to   space 11264K, 0% used [0x0000000776580000,0x0000000776580000,0x0000000777080000)
 ParOldGen       total 96768K, used 8108K [0x00000006c2000000, 0x00000006c7e80000, 0x000000076b580000)
  object space 96768K, 8% used [0x00000006c2000000,0x00000006c27eb3e0,0x00000006c7e80000)
 Metaspace       used 31272K, capacity 33148K, committed 33456K, reserved 1079296K
  class space    used 4061K, capacity 4406K, committed 4528K, reserved 1048576K
}
Event: 3.160 GC heap before
{Heap before GC invocations=7 (full 1):
 PSYoungGen      total 137216K, used 32299K [0x000000076b580000, 0x0000000777080000, 0x00000007c0000000)
  eden space 126464K, 17% used [0x000000076b580000,0x000000076cad1f48,0x0000000773100000)
  from space 10752K, 97% used [0x0000000773100000,0x0000000773b38f68,0x0000000773b80000)
  to   space 11264K, 0% used [0x0000000776580000,0x0000000776580000,0x0000000777080000)
 ParOldGen       total 96768K, used 8108K [0x00000006c2000000, 0x00000006c7e80000, 0x000000076b580000)
  object space 96768K, 8% used [0x00000006c2000000,0x00000006c27eb3e0,0x00000006c7e80000)
 Metaspace       used 33538K, capacity 35300K, committed 35496K, reserved 1081344K
  class space    used 4283K, capacity 4606K, committed 4656K, reserved 1048576K
Event: 3.169 GC heap after
Heap after GC invocations=7 (full 1):
 PSYoungGen      total 179712K, used 9734K [0x000000076b580000, 0x0000000779d00000, 0x00000007c0000000)
  eden space 168448K, 0% used [0x000000076b580000,0x000000076b580000,0x0000000775a00000)
  from space 11264K, 86% used [0x0000000776580000,0x0000000776f01850,0x0000000777080000)
  to   space 11776K, 0% used [0x0000000775a00000,0x0000000775a00000,0x0000000776580000)
 ParOldGen       total 96768K, used 8116K [0x00000006c2000000, 0x00000006c7e80000, 0x000000076b580000)
  object space 96768K, 8% used [0x00000006c2000000,0x00000006c27ed3e0,0x00000006c7e80000)
 Metaspace       used 33538K, capacity 35300K, committed 35496K, reserved 1081344K
  class space    used 4283K, capacity 4606K, committed 4656K, reserved 1048576K
}
Event: 3.169 GC heap before
{Heap before GC invocations=8 (full 2):
 PSYoungGen      total 179712K, used 9734K [0x000000076b580000, 0x0000000779d00000, 0x00000007c0000000)
  eden space 168448K, 0% used [0x000000076b580000,0x000000076b580000,0x0000000775a00000)
  from space 11264K, 86% used [0x0000000776580000,0x0000000776f01850,0x0000000777080000)
  to   space 11776K, 0% used [0x0000000775a00000,0x0000000775a00000,0x0000000776580000)
 ParOldGen       total 96768K, used 8116K [0x00000006c2000000, 0x00000006c7e80000, 0x000000076b580000)
  object space 96768K, 8% used [0x00000006c2000000,0x00000006c27ed3e0,0x00000006c7e80000)
 Metaspace       used 33538K, capacity 35300K, committed 35496K, reserved 1081344K
  class space    used 4283K, capacity 4606K, committed 4656K, reserved 1048576K
Event: 3.199 GC heap after
Heap after GC invocations=8 (full 2):
 PSYoungGen      total 179712K, used 0K [0x000000076b580000, 0x0000000779d00000, 0x00000007c0000000)
  eden space 168448K, 0% used [0x000000076b580000,0x000000076b580000,0x0000000775a00000)
  from space 11264K, 0% used [0x0000000776580000,0x0000000776580000,0x0000000777080000)
  to   space 11776K, 0% used [0x0000000775a00000,0x0000000775a00000,0x0000000776580000)
 ParOldGen       total 140800K, used 15625K [0x00000006c2000000, 0x00000006ca980000, 0x000000076b580000)
  object space 140800K, 11% used [0x00000006c2000000,0x00000006c2f42568,0x00000006ca980000)
 Metaspace       used 33538K, capacity 35300K, committed 35496K, reserved 1081344K
  class space    used 4283K, capacity 4606K, committed 4656K, reserved 1048576K
}

